[0.032s] Invoking command in '/home/chabots/ros2_ws/build/teensy_communication': CMAKE_PREFIX_PATH=${CMAKE_PREFIX_PATH}:/home/chabots/ros2_ws/install/otos_reader:/opt/ros/kilted DEBUGINFOD_URLS=https://debuginfod.ubuntu.com /usr/bin/cmake /home/chabots/ros2_ws/src/teensy_communication -DCMAKE_INSTALL_PREFIX=/home/chabots/ros2_ws/install/teensy_communication
[0.335s] -- The C compiler identification is GNU 13.3.0
[0.728s] -- The CXX compiler identification is GNU 13.3.0
[0.815s] -- Detecting C compiler ABI info
[1.342s] -- Detecting C compiler ABI info - done
[1.382s] -- Check for working C compiler: /usr/bin/cc - skipped
[1.387s] -- Detecting C compile features
[1.389s] -- Detecting C compile features - done
[1.428s] -- Detecting CXX compiler ABI info
[1.962s] -- Detecting CXX compiler ABI info - done
[2.007s] -- Check for working CXX compiler: /usr/bin/c++ - skipped
[2.009s] -- Detecting CXX compile features
[2.011s] -- Detecting CXX compile features - done
[2.023s] -- Found ament_cmake: 2.7.3 (/opt/ros/kilted/share/ament_cmake/cmake)
[2.855s] -- Found Python3: /usr/bin/python3 (found version "3.12.3") found components: Interpreter 
[3.416s] -- Found rclcpp: 29.5.2 (/opt/ros/kilted/share/rclcpp/cmake)
[3.577s] -- Found rosidl_generator_c: 4.9.5 (/opt/ros/kilted/share/rosidl_generator_c/cmake)
[3.648s] -- Found rosidl_generator_cpp: 4.9.5 (/opt/ros/kilted/share/rosidl_generator_cpp/cmake)
[3.723s] -- Using all available rosidl_typesupport_c: rosidl_typesupport_fastrtps_c;rosidl_typesupport_introspection_c
[3.822s] -- Using all available rosidl_typesupport_cpp: rosidl_typesupport_fastrtps_cpp;rosidl_typesupport_introspection_cpp
[4.170s] -- Found rmw_implementation_cmake: 7.8.2 (/opt/ros/kilted/share/rmw_implementation_cmake/cmake)
[4.182s] -- Found rmw_fastrtps_cpp: 9.3.2 (/opt/ros/kilted/share/rmw_fastrtps_cpp/cmake)
[4.577s] -- Found OpenSSL: /usr/lib/aarch64-linux-gnu/libcrypto.so (found version "3.0.13")  
[4.630s] -- Using RMW implementation 'rmw_fastrtps_cpp' as default
[4.939s] -- Found std_msgs: 5.5.0 (/opt/ros/kilted/share/std_msgs/cmake)
[5.007s] -- Found sensor_msgs: 5.5.0 (/opt/ros/kilted/share/sensor_msgs/cmake)
[5.188s] [0mCMake Deprecation Warning at /opt/ros/kilted/share/ament_cmake_target_dependencies/cmake/ament_target_dependencies.cmake:87 (message):
[5.188s]   ament_target_dependencies() is deprecated.  Use target_link_libraries()
[5.188s]   with modern CMake targets instead.  Try replacing this call with:
[5.188s] 
[5.188s]     target_link_libraries(teensy_comm_node PUBLIC
[5.188s]       ${geometry_msgs_TARGETS}
[5.188s]       ${sensor_msgs_TARGETS}
[5.189s]       ${std_msgs_TARGETS}
[5.189s]       rclcpp::rclcpp
[5.189s]       sensor_msgs::sensor_msgs_library
[5.189s]     )
[5.189s] 
[5.189s] Call Stack (most recent call first):
[5.189s]   CMakeLists.txt:16 (ament_target_dependencies)
[5.189s] 
[5.190s] [0m
[5.953s] -- Configuring done (5.9s)
[6.021s] -- Generating done (0.0s)
[6.040s] -- Build files have been written to: /home/chabots/ros2_ws/build/teensy_communication
[6.129s] Invoked command in '/home/chabots/ros2_ws/build/teensy_communication' returned '0': CMAKE_PREFIX_PATH=${CMAKE_PREFIX_PATH}:/home/chabots/ros2_ws/install/otos_reader:/opt/ros/kilted DEBUGINFOD_URLS=https://debuginfod.ubuntu.com /usr/bin/cmake /home/chabots/ros2_ws/src/teensy_communication -DCMAKE_INSTALL_PREFIX=/home/chabots/ros2_ws/install/teensy_communication
[6.129s] Invoking command in '/home/chabots/ros2_ws/build/teensy_communication': CMAKE_PREFIX_PATH=${CMAKE_PREFIX_PATH}:/home/chabots/ros2_ws/install/otos_reader:/opt/ros/kilted DEBUGINFOD_URLS=https://debuginfod.ubuntu.com /usr/bin/cmake --build /home/chabots/ros2_ws/build/teensy_communication -- -j4 -l4
[6.401s] [ 50%] [32mBuilding CXX object CMakeFiles/teensy_comm_node.dir/src/teensy_comm_node.cpp.o[0m
[7.442s] [01m[K/home/chabots/ros2_ws/src/teensy_communication/src/teensy_comm_node.cpp:4:10:[m[K [01;31m[Kfatal error: [m[Kgeometry_msgs/msg/vector2.hpp: No such file or directory
[7.442s]     4 | #include [01;31m[K<geometry_msgs/msg/vector2.hpp>[m[K
[7.442s]       |          [01;31m[K^~~~~~~~~~~~~~~~~~~~~~~~~~~~~~~[m[K
[7.442s] compilation terminated.
[7.457s] gmake[2]: *** [CMakeFiles/teensy_comm_node.dir/build.make:76: CMakeFiles/teensy_comm_node.dir/src/teensy_comm_node.cpp.o] Error 1
[7.457s] gmake[1]: *** [CMakeFiles/Makefile2:137: CMakeFiles/teensy_comm_node.dir/all] Error 2
[7.457s] gmake: *** [Makefile:146: all] Error 2
[7.472s] Invoked command in '/home/chabots/ros2_ws/build/teensy_communication' returned '2': CMAKE_PREFIX_PATH=${CMAKE_PREFIX_PATH}:/home/chabots/ros2_ws/install/otos_reader:/opt/ros/kilted DEBUGINFOD_URLS=https://debuginfod.ubuntu.com /usr/bin/cmake --build /home/chabots/ros2_ws/build/teensy_communication -- -j4 -l4
