[0.016s] Invoking command in '/home/chabots/ros2_ws/build/teensy_communication': CMAKE_PREFIX_PATH=${CMAKE_PREFIX_PATH}:/home/chabots/ros2_ws/install/otos_reader:/opt/ros/kilted DEBUGINFOD_URLS=https://debuginfod.ubuntu.com /usr/bin/cmake --build /home/chabots/ros2_ws/build/teensy_communication -- -j4 -l4
[0.132s] [ 50%] [32mBuilding CXX object CMakeFiles/teensy_comm_node.dir/src/teensy_comm_node.cpp.o[0m
[4.509s] In file included from [01m[K/opt/ros/kilted/include/rclcpp/rclcpp/logging.hpp:24[m[K,
[4.509s]                  from [01m[K/opt/ros/kilted/include/rclcpp/rclcpp/copy_all_parameter_values.hpp:27[m[K,
[4.509s]                  from [01m[K/opt/ros/kilted/include/rclcpp/rclcpp/rclcpp.hpp:171[m[K,
[4.509s]                  from [01m[K/home/chabots/ros2_ws/src/teensy_communication/src/teensy_comm_node.cpp:1[m[K:
[4.509s] [01m[K/home/chabots/ros2_ws/src/teensy_communication/src/teensy_comm_node.cpp:[m[K In member function â€˜[01m[Kvoid TeensyCommNode::[01;32m[Kon_scan[m[K(sensor_msgs::msg::LaserScan_<std::allocator<void> >::SharedPtr)[m[Kâ€™:
[4.509s] [01m[K/home/chabots/ros2_ws/src/teensy_communication/src/teensy_comm_node.cpp:175:39:[m[K [01;31m[Kerror: [m[Kcannot convert â€˜[01m[Kconst float[m[Kâ€™ to â€˜[01m[Kconst char*[m[Kâ€™
[4.509s]   175 |       RCLCPP_INFO(this->get_logger(), [01;31m[Kang[m[K);
[4.509s]       |                                       [01;31m[K^~~[m[K
[4.510s]       |                                       [01;31m[K|[m[K
[4.510s]       |                                       [01;31m[Kconst float[m[K
[4.510s] In file included from [01m[K/opt/ros/kilted/include/rmw/rmw/types.h:28[m[K,
[4.510s]                  from [01m[K/opt/ros/kilted/include/rcl/rcl/types.h:20[m[K,
[4.510s]                  from [01m[K/opt/ros/kilted/include/rclcpp/rclcpp/exceptions/exceptions.hpp:23[m[K,
[4.510s]                  from [01m[K/opt/ros/kilted/include/rclcpp/rclcpp/exceptions.hpp:18[m[K,
[4.510s]                  from [01m[K/opt/ros/kilted/include/rclcpp/rclcpp/parameter.hpp:25[m[K,
[4.510s]                  from [01m[K/opt/ros/kilted/include/rclcpp/rclcpp/copy_all_parameter_values.hpp:25[m[K:
[4.510s] [01m[K/opt/ros/kilted/include/rcutils/rcutils/logging.h:473:16:[m[K [01;36m[Knote: [m[K  initializing argument 4 of â€˜[01m[Kvoid[01;32m[K rcutils_log_internal[m[K(const rcutils_log_location_t*, int, const char*, const char*, ...)[m[Kâ€™
[4.510s]   473 |   [01;36m[Kconst char * format[m[K,
[4.511s]       |   [01;36m[K~~~~~~~~~~~~~^~~~~~[m[K
[9.476s] gmake[2]: *** [CMakeFiles/teensy_comm_node.dir/build.make:76: CMakeFiles/teensy_comm_node.dir/src/teensy_comm_node.cpp.o] Error 1
[9.477s] gmake[1]: *** [CMakeFiles/Makefile2:137: CMakeFiles/teensy_comm_node.dir/all] Error 2
[9.477s] gmake: *** [Makefile:146: all] Error 2
[9.481s] Invoked command in '/home/chabots/ros2_ws/build/teensy_communication' returned '2': CMAKE_PREFIX_PATH=${CMAKE_PREFIX_PATH}:/home/chabots/ros2_ws/install/otos_reader:/opt/ros/kilted DEBUGINFOD_URLS=https://debuginfod.ubuntu.com /usr/bin/cmake --build /home/chabots/ros2_ws/build/teensy_communication -- -j4 -l4
