[ 50%] [32mBuilding CXX object CMakeFiles/teensy_comm_node.dir/src/teensy_comm_node.cpp.o[0m
In file included from [01m[K/opt/ros/kilted/include/rclcpp/rclcpp/logging.hpp:24[m[K,
                 from [01m[K/opt/ros/kilted/include/rclcpp/rclcpp/copy_all_parameter_values.hpp:27[m[K,
                 from [01m[K/opt/ros/kilted/include/rclcpp/rclcpp/rclcpp.hpp:171[m[K,
                 from [01m[K/home/chabots/ros2_ws/src/teensy_communication/src/teensy_comm_node.cpp:1[m[K:
[01m[K/home/chabots/ros2_ws/src/teensy_communication/src/teensy_comm_node.cpp:[m[K In member function â€˜[01m[Kvoid TeensyCommNode::[01;32m[Kon_scan[m[K(sensor_msgs::msg::LaserScan_<std::allocator<void> >::SharedPtr)[m[Kâ€™:
[01m[K/home/chabots/ros2_ws/src/teensy_communication/src/teensy_comm_node.cpp:179:39:[m[K [01;31m[Kerror: [m[Kunable to find string literal operator â€˜[01m[Koperator""ang[m[Kâ€™ with â€˜[01m[Kconst char [14][m[Kâ€™, â€˜[01m[Klong unsigned int[m[Kâ€™ arguments
  179 |       RCLCPP_INFO(this->get_logger(), [01;31m[K" magnitud: %f"ang[m[K);
      |                                       [01;31m[K^~~~~~~~~~~~~~~~~~[m[K
gmake[2]: *** [CMakeFiles/teensy_comm_node.dir/build.make:76: CMakeFiles/teensy_comm_node.dir/src/teensy_comm_node.cpp.o] Error 1
gmake[1]: *** [CMakeFiles/Makefile2:137: CMakeFiles/teensy_comm_node.dir/all] Error 2
gmake: *** [Makefile:146: all] Error 2
