[0.017s] Invoking command in '/home/chabots/ros2_ws/build/teensy_communication': CMAKE_PREFIX_PATH=${CMAKE_PREFIX_PATH}:/home/chabots/ros2_ws/install/otos_reader:/opt/ros/kilted DEBUGINFOD_URLS=https://debuginfod.ubuntu.com /usr/bin/cmake --build /home/chabots/ros2_ws/build/teensy_communication -- -j4 -l4
[0.070s] -- Found ament_cmake: 2.7.3 (/opt/ros/kilted/share/ament_cmake/cmake)
[0.427s] -- Found rclcpp: 29.5.2 (/opt/ros/kilted/share/rclcpp/cmake)
[0.461s] -- Found rosidl_generator_c: 4.9.5 (/opt/ros/kilted/share/rosidl_generator_c/cmake)
[0.473s] -- Found rosidl_generator_cpp: 4.9.5 (/opt/ros/kilted/share/rosidl_generator_cpp/cmake)
[0.489s] -- Using all available rosidl_typesupport_c: rosidl_typesupport_fastrtps_c;rosidl_typesupport_introspection_c
[0.510s] -- Using all available rosidl_typesupport_cpp: rosidl_typesupport_fastrtps_cpp;rosidl_typesupport_introspection_cpp
[0.589s] -- Found rmw_implementation_cmake: 7.8.2 (/opt/ros/kilted/share/rmw_implementation_cmake/cmake)
[0.591s] -- Found rmw_fastrtps_cpp: 9.3.2 (/opt/ros/kilted/share/rmw_fastrtps_cpp/cmake)
[0.650s] -- Using RMW implementation 'rmw_fastrtps_cpp' as default
[0.732s] -- Found std_msgs: 5.5.0 (/opt/ros/kilted/share/std_msgs/cmake)
[0.749s] -- Found sensor_msgs: 5.5.0 (/opt/ros/kilted/share/sensor_msgs/cmake)
[0.797s] -- Found visualization_msgs: 5.5.0 (/opt/ros/kilted/share/visualization_msgs/cmake)
[0.837s] -- Found nav_msgs: 5.5.0 (/opt/ros/kilted/share/nav_msgs/cmake)
[0.878s] [0mCMake Deprecation Warning at /opt/ros/kilted/share/ament_cmake_target_dependencies/cmake/ament_target_dependencies.cmake:87 (message):
[0.878s]   ament_target_dependencies() is deprecated.  Use target_link_libraries()
[0.878s]   with modern CMake targets instead.  Try replacing this call with:
[0.878s] 
[0.879s]     target_link_libraries(teensy_comm_node PUBLIC
[0.879s]       ${geometry_msgs_TARGETS}
[0.879s]       ${sensor_msgs_TARGETS}
[0.879s]       ${std_msgs_TARGETS}
[0.879s]       ${visualization_msgs_TARGETS}
[0.879s]       rclcpp::rclcpp
[0.879s]       sensor_msgs::sensor_msgs_library
[0.879s]     )
[0.879s] 
[0.879s] Call Stack (most recent call first):
[0.879s]   CMakeLists.txt:18 (ament_target_dependencies)
[0.880s] 
[0.880s] [0m
[0.882s] [0mCMake Deprecation Warning at /opt/ros/kilted/share/ament_cmake_target_dependencies/cmake/ament_target_dependencies.cmake:87 (message):
[0.882s]   ament_target_dependencies() is deprecated.  Use target_link_libraries()
[0.882s]   with modern CMake targets instead.  Try replacing this call with:
[0.882s] 
[0.883s]     target_link_libraries(teensy_comm_node PUBLIC
[0.883s]       ${nav_msgs_TARGETS}
[0.883s]     )
[0.883s] 
[0.883s] Call Stack (most recent call first):
[0.883s]   CMakeLists.txt:19 (ament_target_dependencies)
[0.883s] 
[0.883s] [0m
[1.047s] -- Configuring done (1.0s)
[1.068s] -- Generating done (0.0s)
[1.075s] -- Build files have been written to: /home/chabots/ros2_ws/build/teensy_communication
[1.161s] [ 50%] [32mBuilding CXX object CMakeFiles/teensy_comm_node.dir/src/teensy_comm_node.cpp.o[0m
[4.756s] [01m[K/home/chabots/ros2_ws/src/teensy_communication/src/teensy_comm_node.cpp:423:2:[m[K [01;31m[Kerror: [m[Kexpected â€˜[01m[K}[m[Kâ€™ at end of input
[4.756s]   423 | }
[4.756s]       |  [01;31m[K^[m[K
[4.756s] [01m[K/home/chabots/ros2_ws/src/teensy_communication/src/teensy_comm_node.cpp:100:44:[m[K [01;36m[Knote: [m[Kto match this â€˜[01m[K{[m[Kâ€™
[4.756s]   100 | class TeensyCommNode : public rclcpp::Node [01;36m[K{[m[K
[4.756s]       |                                            [01;36m[K^[m[K
[4.767s] [01m[K/home/chabots/ros2_ws/src/teensy_communication/src/teensy_comm_node.cpp:[m[K In constructor â€˜[01m[KTeensyCommNode::[01;32m[KTeensyCommNode[m[K()[m[Kâ€™:
[4.767s] [01m[K/home/chabots/ros2_ws/src/teensy_communication/src/teensy_comm_node.cpp:103:11:[m[K [01;31m[Kerror: [m[Kâ€˜[01m[Kserial_[m[Kâ€™ was not declared in this scope
[4.768s]   103 |     (void)[01;31m[Kserial_[m[K.open_port();
[4.768s]       |           [01;31m[K^~~~~~~[m[K
[4.780s] [01m[K/home/chabots/ros2_ws/src/teensy_communication/src/teensy_comm_node.cpp:105:5:[m[K [01;31m[Kerror: [m[Kâ€˜[01m[Kangle_pub_[m[Kâ€™ was not declared in this scope
[4.780s]   105 |     [01;31m[Kangle_pub_[m[K   = create_publisher<std_msgs::msg::Float32>("/send_angle", 10);
[4.780s]       |     [01;31m[K^~~~~~~~~~[m[K
[4.797s] [01m[K/home/chabots/ros2_ws/src/teensy_communication/src/teensy_comm_node.cpp:106:5:[m[K [01;31m[Kerror: [m[Kâ€˜[01m[Kcluster_pub_[m[Kâ€™ was not declared in this scope
[4.797s]   106 |     [01;31m[Kcluster_pub_[m[K = create_publisher<visualization_msgs::msg::MarkerArray>("/clusters_markers", 10);
[4.797s]       |     [01;31m[K^~~~~~~~~~~~[m[K
[4.813s] [01m[K/home/chabots/ros2_ws/src/teensy_communication/src/teensy_comm_node.cpp:108:5:[m[K [01;31m[Kerror: [m[Kâ€˜[01m[Kcontrol_sub_[m[Kâ€™ was not declared in this scope
[4.813s]   108 |     [01;31m[Kcontrol_sub_[m[K = create_subscription<geometry_msgs::msg::Vector3>(
[4.813s]       |     [01;31m[K^~~~~~~~~~~~[m[K
[4.830s] [01m[K/home/chabots/ros2_ws/src/teensy_communication/src/teensy_comm_node.cpp:[m[K In lambda function:
[4.830s] [01m[K/home/chabots/ros2_ws/src/teensy_communication/src/teensy_comm_node.cpp:111:9:[m[K [01;31m[Kerror: [m[Kâ€˜[01m[Kpwm_[m[Kâ€™ was not declared in this scope
[4.830s]   111 |         [01;31m[Kpwm_[m[K.store(static_cast<float>(msg->x));
[4.830s]       |         [01;31m[K^~~~[m[K
[4.840s] [01m[K/home/chabots/ros2_ws/src/teensy_communication/src/teensy_comm_node.cpp:112:9:[m[K [01;31m[Kerror: [m[Kâ€˜[01m[Kkp_[m[Kâ€™ was not declared in this scope
[4.841s]   112 |         [01;31m[Kkp_[m[K.store(static_cast<float>(msg->y));
[4.841s]       |         [01;31m[K^~~[m[K
[4.886s] [01m[K/home/chabots/ros2_ws/src/teensy_communication/src/teensy_comm_node.cpp:[m[K In constructor â€˜[01m[KTeensyCommNode::[01;32m[KTeensyCommNode[m[K()[m[Kâ€™:
[4.886s] [01m[K/home/chabots/ros2_ws/src/teensy_communication/src/teensy_comm_node.cpp:116:5:[m[K [01;31m[Kerror: [m[Kâ€˜[01m[Kscan_sub_[m[Kâ€™ was not declared in this scope
[4.886s]   116 |     [01;31m[Kscan_sub_[m[K = create_subscription<sensor_msgs::msg::LaserScan>(
[4.886s]       |     [01;31m[K^~~~~~~~~[m[K
[4.943s] [01m[K/home/chabots/ros2_ws/src/teensy_communication/src/teensy_comm_node.cpp:122:5:[m[K [01;31m[Kerror: [m[Kâ€˜[01m[Kodom_sub_[m[Kâ€™ was not declared in this scope
[4.943s]   122 |     [01;31m[Kodom_sub_[m[K = create_subscription<nav_msgs::msg::Odometry>(
[4.943s]       |     [01;31m[K^~~~~~~~~[m[K
[4.953s] [01m[K/home/chabots/ros2_ws/src/teensy_communication/src/teensy_comm_node.cpp:122:37:[m[K [01;31m[Kerror: [m[Kâ€˜[01m[Knav_msgs[m[Kâ€™ was not declared in this scope
[4.954s]   122 |     odom_sub_ = create_subscription<[01;31m[Knav_msgs[m[K::msg::Odometry>(
[4.954s]       |                                     [01;31m[K^~~~~~~~[m[K
[4.954s] [01m[K/home/chabots/ros2_ws/src/teensy_communication/src/teensy_comm_node.cpp:122:17:[m[K [01;31m[Kerror: [m[Kparse error in template argument list
[4.954s]   122 |     odom_sub_ = [01;31m[Kcreate_subscription<nav_msgs::msg::Odometry>[m[K(
[4.954s]       |                 [01;31m[K^~~~~~~~~~~~~~~~~~~~~~~~~~~~~~~~~~~~~~~~~~~~[m[K
[4.954s] [01m[K/home/chabots/ros2_ws/src/teensy_communication/src/teensy_comm_node.cpp:124:34:[m[K [01;31m[Kerror: [m[Kâ€˜[01m[Kon_odom[m[Kâ€™ is not a member of â€˜[01m[KTeensyCommNode[m[Kâ€™
[4.954s]   124 |       std::bind(&TeensyCommNode::[01;31m[Kon_odom[m[K, this, std::placeholders::_1)
[4.954s]       |                                  [01;31m[K^~~~~~~[m[K
[4.963s] [01m[K/home/chabots/ros2_ws/src/teensy_communication/src/teensy_comm_node.cpp:127:5:[m[K [01;31m[Kerror: [m[Kâ€˜[01m[Ktimer_[m[Kâ€™ was not declared in this scope; did you mean â€˜[01m[Ktimer_t[m[Kâ€™?
[4.963s]   127 |     [01;31m[Ktimer_[m[K = create_wall_timer(10ms, std::bind(&TeensyCommNode::on_timer, this));
[4.963s]       |     [01;31m[K^~~~~~[m[K
[4.963s]       |     [32m[Ktimer_t[m[K
[4.963s] [01m[K/home/chabots/ros2_ws/src/teensy_communication/src/teensy_comm_node.cpp:127:65:[m[K [01;31m[Kerror: [m[Kâ€˜[01m[Kon_timer[m[Kâ€™ is not a member of â€˜[01m[KTeensyCommNode[m[Kâ€™
[4.963s]   127 |     timer_ = create_wall_timer(10ms, std::bind(&TeensyCommNode::[01;31m[Kon_timer[m[K, this));
[4.964s]       |                                                                 [01;31m[K^~~~~~~~[m[K
[4.978s] [01m[K/home/chabots/ros2_ws/src/teensy_communication/src/teensy_comm_node.cpp:[m[K In member function â€˜[01m[Kvoid TeensyCommNode::[01;32m[Kon_scan[m[K(sensor_msgs::msg::LaserScan_<std::allocator<void> >::SharedPtr)[m[Kâ€™:
[4.978s] [01m[K/home/chabots/ros2_ws/src/teensy_communication/src/teensy_comm_node.cpp:235:5:[m[K [01;31m[Kerror: [m[Kâ€˜[01m[Kangle_deg_[m[Kâ€™ was not declared in this scope; did you mean â€˜[01m[Kangle_deg[m[Kâ€™?
[4.978s]   235 |     [01;31m[Kangle_deg_[m[K.store(angle_deg);
[4.978s]       |     [01;31m[K^~~~~~~~~~[m[K
[4.978s]       |     [32m[Kangle_deg[m[K
[4.978s] [01m[K/home/chabots/ros2_ws/src/teensy_communication/src/teensy_comm_node.cpp:237:11:[m[K [01;31m[Kerror: [m[Kredeclaration of â€˜[01m[Kfloat angle_deg[m[Kâ€™
[4.978s]   237 |     float [01;31m[Kangle_deg[m[K = std::numeric_limits<float>::quiet_NaN();
[4.979s]       |           [01;31m[K^~~~~~~~~[m[K
[4.979s] [01m[K/home/chabots/ros2_ws/src/teensy_communication/src/teensy_comm_node.cpp:229:11:[m[K [01;36m[Knote: [m[Kâ€˜[01m[Kfloat angle_deg[m[Kâ€™ previously declared here
[4.979s]   229 |     float [01;36m[Kangle_deg[m[K = std::numeric_limits<float>::quiet_NaN();
[4.979s]       |           [01;36m[K^~~~~~~~~[m[K
[4.979s] [01m[K/home/chabots/ros2_ws/src/teensy_communication/src/teensy_comm_node.cpp:360:19:[m[K [01;31m[Kerror: [m[Ka function-definition is not allowed here before â€˜[01m[K{[m[Kâ€™ token
[4.979s]   360 |   void on_timer() [01;31m[K{[m[K
[4.979s]       |                   [01;31m[K^[m[K
[5.004s] [01m[K/home/chabots/ros2_ws/src/teensy_communication/src/teensy_comm_node.cpp:402:24:[m[K [01;31m[Kerror: [m[Kâ€˜[01m[Knav_msgs[m[Kâ€™ was not declared in this scope
[5.004s]   402 |   rclcpp::Subscription<[01;31m[Knav_msgs[m[K::msg::Odometry>::SharedPtr odom_sub_;
[5.004s]       |                        [01;31m[K^~~~~~~~[m[K
[5.004s] [01m[K/home/chabots/ros2_ws/src/teensy_communication/src/teensy_comm_node.cpp:402:47:[m[K [01;31m[Kerror: [m[Ktemplate argument 1 is invalid
[5.004s]   402 |   rclcpp::Subscription<nav_msgs::msg::Odometry[01;31m[K>[m[K::SharedPtr odom_sub_;
[5.004s]       |                                               [01;31m[K^[m[K
[5.005s] [01m[K/home/chabots/ros2_ws/src/teensy_communication/src/teensy_comm_node.cpp:402:47:[m[K [01;31m[Kerror: [m[Ktemplate argument 3 is invalid
[5.005s] [01m[K/home/chabots/ros2_ws/src/teensy_communication/src/teensy_comm_node.cpp:402:47:[m[K [01;31m[Kerror: [m[Ktemplate argument 4 is invalid
[5.005s] [01m[K/home/chabots/ros2_ws/src/teensy_communication/src/teensy_comm_node.cpp:402:47:[m[K [01;31m[Kerror: [m[Ktemplate argument 5 is invalid
[5.005s] [01m[K/home/chabots/ros2_ws/src/teensy_communication/src/teensy_comm_node.cpp:402:60:[m[K [01;31m[Kerror: [m[Kqualified-id in declaration before â€˜[01m[Kodom_sub_[m[Kâ€™
[5.005s]   402 |   rclcpp::Subscription<nav_msgs::msg::Odometry>::SharedPtr [01;31m[Kodom_sub_[m[K;
[5.005s]       |                                                            [01;31m[K^~~~~~~~~[m[K
[5.008s] [01m[K/home/chabots/ros2_ws/src/teensy_communication/src/teensy_comm_node.cpp:405:22:[m[K [01;31m[Kerror: [m[Kâ€˜[01m[Knav_msgs[m[Kâ€™ does not name a type
[5.008s]   405 |   void on_odom(const [01;31m[Knav_msgs[m[K::msg::Odometry::SharedPtr msg) {
[5.008s]       |                      [01;31m[K^~~~~~~~[m[K
[5.008s] [01m[K/home/chabots/ros2_ws/src/teensy_communication/src/teensy_comm_node.cpp:405:35:[m[K [01;31m[Kerror: [m[Kexpected unqualified-id before â€˜[01m[K::[m[Kâ€™ token
[5.008s]   405 |   void on_odom(const nav_msgs::msg[01;31m[K::[m[KOdometry::SharedPtr msg) {
[5.008s]       |                                   [01;31m[K^~[m[K
[5.008s] [01m[K/home/chabots/ros2_ws/src/teensy_communication/src/teensy_comm_node.cpp:405:35:[m[K [01;31m[Kerror: [m[Kexpected â€˜[01m[K)[m[Kâ€™ before â€˜[01m[K::[m[Kâ€™ token
[5.008s] [01m[K/home/chabots/ros2_ws/src/teensy_communication/src/teensy_comm_node.cpp:405:15:[m[K [01;36m[Knote: [m[Kto match this â€˜[01m[K([m[Kâ€™
[5.008s]   405 |   void on_odom[01;36m[K([m[Kconst nav_msgs::msg::Odometry::SharedPtr msg) {
[5.008s]       |               [01;36m[K^[m[K
[5.009s] [01m[K/home/chabots/ros2_ws/src/teensy_communication/src/teensy_comm_node.cpp:405:35:[m[K [01;31m[Kerror: [m[Kexpected initializer before â€˜[01m[K::[m[Kâ€™ token
[5.009s]   405 |   void on_odom(const nav_msgs::msg[01;31m[K::[m[KOdometry::SharedPtr msg) {
[5.009s]       |                                   [01;31m[K^~[m[K
[5.012s] [01m[K/home/chabots/ros2_ws/src/teensy_communication/src/teensy_comm_node.cpp:[m[K At global scope:
[5.012s] [01m[K/home/chabots/ros2_ws/src/teensy_communication/src/teensy_comm_node.cpp:423:2:[m[K [01;31m[Kerror: [m[Kexpected unqualified-id at end of input
[5.012s]   423 | }
[5.012s]       |  [01;31m[K^[m[K
[9.363s] gmake[2]: *** [CMakeFiles/teensy_comm_node.dir/build.make:76: CMakeFiles/teensy_comm_node.dir/src/teensy_comm_node.cpp.o] Error 1
[9.363s] gmake[1]: *** [CMakeFiles/Makefile2:137: CMakeFiles/teensy_comm_node.dir/all] Error 2
[9.363s] gmake: *** [Makefile:146: all] Error 2
[9.367s] Invoked command in '/home/chabots/ros2_ws/build/teensy_communication' returned '2': CMAKE_PREFIX_PATH=${CMAKE_PREFIX_PATH}:/home/chabots/ros2_ws/install/otos_reader:/opt/ros/kilted DEBUGINFOD_URLS=https://debuginfod.ubuntu.com /usr/bin/cmake --build /home/chabots/ros2_ws/build/teensy_communication -- -j4 -l4
